<?xml version="1.0" encoding="UTF-8"?>
<testng-results ignored="0" total="3" passed="3" failed="0" skipped="0">
  <reporter-output>
  </reporter-output>
  <suite started-at="2025-06-06T19:15:44 IST" name="All Test Suite" finished-at="2025-06-06T19:16:10 IST" duration-ms="26408">
    <groups>
    </groups>
    <test started-at="2025-06-06T19:15:44 IST" name="/Users/santoshsingh/Desktop/KotlinSelenium-0" finished-at="2025-06-06T19:15:56 IST" duration-ms="12251">
      <class name="testCases.SeleniumKotlinTest">
        <test-method is-config="true" signature="setUp()[pri:0, instance:testCases.SeleniumKotlinTest@75fa1be3]" started-at="2025-06-06T19:15:44 IST" name="setUp" finished-at="2025-06-06T19:15:50 IST" duration-ms="6240" status="PASS">
          <reporter-output>
          </reporter-output>
        </test-method> <!-- setUp -->
        <test-method signature="sampleTest()[pri:0, instance:testCases.SeleniumKotlinTest@75fa1be3]" started-at="2025-06-06T19:15:50 IST" name="sampleTest" finished-at="2025-06-06T19:15:54 IST" duration-ms="3275" status="PASS">
          <reporter-output>
          </reporter-output>
        </test-method> <!-- sampleTest -->
        <test-method is-config="true" signature="tearDown()[pri:0, instance:testCases.SeleniumKotlinTest@75fa1be3]" started-at="2025-06-06T19:15:55 IST" name="tearDown" finished-at="2025-06-06T19:15:56 IST" duration-ms="1471" status="PASS">
          <reporter-output>
          </reporter-output>
        </test-method> <!-- tearDown -->
      </class> <!-- testCases.SeleniumKotlinTest -->
    </test> <!-- /Users/santoshsingh/Desktop/KotlinSelenium-0 -->
    <test started-at="2025-06-06T19:15:44 IST" name="/Users/santoshsingh/Desktop/KotlinSelenium-1" finished-at="2025-06-06T19:16:09 IST" duration-ms="25179">
      <class name="testCases.SeleniumKotlinTest">
        <test-method is-config="true" signature="setUp()[pri:0, instance:testCases.SeleniumKotlinTest@49fe3142]" started-at="2025-06-06T19:15:44 IST" name="setUp" finished-at="2025-06-06T19:16:02 IST" duration-ms="17482" status="PASS">
          <reporter-output>
          </reporter-output>
        </test-method> <!-- setUp -->
        <test-method signature="sampleTest()[pri:0, instance:testCases.SeleniumKotlinTest@49fe3142]" started-at="2025-06-06T19:16:02 IST" name="sampleTest" finished-at="2025-06-06T19:16:06 IST" duration-ms="4503" status="PASS">
          <reporter-output>
          </reporter-output>
        </test-method> <!-- sampleTest -->
        <test-method is-config="true" signature="tearDown()[pri:0, instance:testCases.SeleniumKotlinTest@49fe3142]" started-at="2025-06-06T19:16:08 IST" name="tearDown" finished-at="2025-06-06T19:16:09 IST" duration-ms="1383" status="PASS">
          <reporter-output>
          </reporter-output>
        </test-method> <!-- tearDown -->
      </class> <!-- testCases.SeleniumKotlinTest -->
    </test> <!-- /Users/santoshsingh/Desktop/KotlinSelenium-1 -->
    <test started-at="2025-06-06T19:15:44 IST" name="/Users/santoshsingh/Desktop/KotlinSelenium-2" finished-at="2025-06-06T19:16:10 IST" duration-ms="26407">
      <class name="testCases.SeleniumKotlinTest">
        <test-method is-config="true" signature="setUp()[pri:0, instance:testCases.SeleniumKotlinTest@a565cbd]" started-at="2025-06-06T19:15:44 IST" name="setUp" finished-at="2025-06-06T19:16:03 IST" duration-ms="19178" status="PASS">
          <reporter-output>
          </reporter-output>
        </test-method> <!-- setUp -->
        <test-method signature="sampleTest()[pri:0, instance:testCases.SeleniumKotlinTest@a565cbd]" started-at="2025-06-06T19:16:03 IST" name="sampleTest" finished-at="2025-06-06T19:16:08 IST" duration-ms="4603" status="PASS">
          <reporter-output>
          </reporter-output>
        </test-method> <!-- sampleTest -->
        <test-method is-config="true" signature="tearDown()[pri:0, instance:testCases.SeleniumKotlinTest@a565cbd]" started-at="2025-06-06T19:16:09 IST" name="tearDown" finished-at="2025-06-06T19:16:10 IST" duration-ms="1406" status="PASS">
          <reporter-output>
          </reporter-output>
        </test-method> <!-- tearDown -->
      </class> <!-- testCases.SeleniumKotlinTest -->
    </test> <!-- /Users/santoshsingh/Desktop/KotlinSelenium-2 -->
  </suite> <!-- All Test Suite -->
</testng-results>
